# JRE version: Java(TM) SE Runtime Environment (8.0_144-b01) (build 1.8.0_144-b01)
# Java VM: Java HotSpot(TM) 64-Bit Server VM (25.144-b01 mixed mode bsd-amd64 compressed oops)
Heap:
 PSYoungGen      total 519168K, used 15135K [0x000000076ab00000, 0x00000007a8f80000, 0x00000007c0000000)
  eden space 463872K, 3% used [0x000000076ab00000,0x000000076b9c7d80,0x0000000787000000)
  from space 55296K, 0% used [0x00000007a2c00000,0x00000007a2c00000,0x00000007a6200000)
  to   space 46592K, 0% used [0x00000007a6200000,0x00000007a6200000,0x00000007a8f80000)
 ParOldGen       total 145408K, used 37926K [0x00000006c0000000, 0x00000006c8e00000, 0x000000076ab00000)
  object space 145408K, 26% used [0x00000006c0000000,0x00000006c2509810,0x00000006c8e00000)
 Metaspace       used 24354K, capacity 24836K, committed 25088K, reserved 1071104K
  class space    used 2899K, capacity 3041K, committed 3072K, reserved 1048576K
GC Heap History (10 events):
Event: 50519.049 GC heap before
{Heap before GC invocations=37 (full 3):
 PSYoungGen      total 600064K, used 599927K [0x000000076ab00000, 0x00000007adf00000, 0x00000007c0000000)
  eden space 553984K, 100% used [0x000000076ab00000,0x000000078c800000,0x000000078c800000)
  from space 46080K, 99% used [0x00000007a8400000,0x00000007ab0ddf30,0x00000007ab100000)
  to   space 47104K, 0% used [0x00000007ab100000,0x00000007ab100000,0x00000007adf00000)
 ParOldGen       total 162304K, used 97533K [0x00000006c0000000, 0x00000006c9e80000, 0x000000076ab00000)
  object space 162304K, 60% used [0x00000006c0000000,0x00000006c5f3f5d0,0x00000006c9e80000)
 Metaspace       used 24266K, capacity 24714K, committed 25088K, reserved 1071104K
  class space    used 2897K, capacity 3042K, committed 3072K, reserved 1048576K
Event: 50519.054 GC heap after
Heap after GC invocations=37 (full 3):
 PSYoungGen      total 574464K, used 44340K [0x000000076ab00000, 0x00000007adc80000, 0x00000007c0000000)
  eden space 529920K, 0% used [0x000000076ab00000,0x000000076ab00000,0x000000078b080000)
  from space 44544K, 99% used [0x00000007ab100000,0x00000007adc4d130,0x00000007adc80000)
  to   space 64512K, 0% used [0x00000007a5e80000,0x00000007a5e80000,0x00000007a9d80000)
 ParOldGen       total 162304K, used 97541K [0x00000006c0000000, 0x00000006c9e80000, 0x000000076ab00000)
  object space 162304K, 60% used [0x00000006c0000000,0x00000006c5f415d0,0x00000006c9e80000)
 Metaspace       used 24266K, capacity 24714K, committed 25088K, reserved 1071104K
  class space    used 2897K, capacity 3042K, committed 3072K, reserved 1048576K
}
Event: 51079.519 GC heap before
{Heap before GC invocations=38 (full 3):
 PSYoungGen      total 574464K, used 574260K [0x000000076ab00000, 0x00000007adc80000, 0x00000007c0000000)
  eden space 529920K, 100% used [0x000000076ab00000,0x000000078b080000,0x000000078b080000)
  from space 44544K, 99% used [0x00000007ab100000,0x00000007adc4d130,0x00000007adc80000)
  to   space 64512K, 0% used [0x00000007a5e80000,0x00000007a5e80000,0x00000007a9d80000)
 ParOldGen       total 162304K, used 97541K [0x00000006c0000000, 0x00000006c9e80000, 0x000000076ab00000)
  object space 162304K, 60% used [0x00000006c0000000,0x00000006c5f415d0,0x00000006c9e80000)
 Metaspace       used 24318K, capacity 24842K, committed 25088K, reserved 1071104K
  class space    used 2897K, capacity 3042K, committed 3072K, reserved 1048576K
Event: 51079.580 GC heap after
Heap after GC invocations=38 (full 3):
 PSYoungGen      total 556544K, used 49271K [0x000000076ab00000, 0x00000007ab180000, 0x00000007c0000000)
  eden space 506880K, 0% used [0x000000076ab00000,0x000000076ab00000,0x0000000789a00000)
  from space 49664K, 99% used [0x00000007a5e80000,0x00000007a8e9de60,0x00000007a8f00000)
  to   space 35328K, 0% used [0x00000007a8f00000,0x00000007a8f00000,0x00000007ab180000)
 ParOldGen       total 162304K, used 97549K [0x00000006c0000000, 0x00000006c9e80000, 0x000000076ab00000)
  object space 162304K, 60% used [0x00000006c0000000,0x00000006c5f435d0,0x00000006c9e80000)
 Metaspace       used 24318K, capacity 24842K, committed 25088K, reserved 1071104K
  class space    used 2897K, capacity 3042K, committed 3072K, reserved 1048576K
}
Event: 51385.080 GC heap before
{Heap before GC invocations=39 (full 3):
 PSYoungGen      total 556544K, used 556151K [0x000000076ab00000, 0x00000007ab180000, 0x00000007c0000000)
  eden space 506880K, 100% used [0x000000076ab00000,0x0000000789a00000,0x0000000789a00000)
  from space 49664K, 99% used [0x00000007a5e80000,0x00000007a8e9de60,0x00000007a8f00000)
  to   space 35328K, 0% used [0x00000007a8f00000,0x00000007a8f00000,0x00000007ab180000)
 ParOldGen       total 162304K, used 97549K [0x00000006c0000000, 0x00000006c9e80000, 0x000000076ab00000)
  object space 162304K, 60% used [0x00000006c0000000,0x00000006c5f435d0,0x00000006c9e80000)
 Metaspace       used 24351K, capacity 24842K, committed 25088K, reserved 1071104K
  class space    used 2899K, capacity 3042K, committed 3072K, reserved 1048576K
Event: 51385.114 GC heap after
Heap after GC invocations=39 (full 3):
 PSYoungGen      total 513536K, used 28579K [0x000000076ab00000, 0x00000007aab00000, 0x00000007c0000000)
  eden space 484864K, 0% used [0x000000076ab00000,0x000000076ab00000,0x0000000788480000)
  from space 28672K, 99% used [0x00000007a8f00000,0x00000007aaae8c98,0x00000007aab00000)
  to   space 65024K, 0% used [0x00000007a2c00000,0x00000007a2c00000,0x00000007a6b80000)
 ParOldGen       total 162304K, used 118241K [0x00000006c0000000, 0x00000006c9e80000, 0x000000076ab00000)
  object space 162304K, 72% used [0x00000006c0000000,0x00000006c7378420,0x00000006c9e80000)
 Metaspace       used 24351K, capacity 24842K, committed 25088K, reserved 1071104K
  class space    used 2899K, capacity 3042K, committed 3072K, reserved 1048576K
}
Event: 55384.700 GC heap before
{Heap before GC invocations=40 (full 3):
 PSYoungGen      total 513536K, used 508852K [0x000000076ab00000, 0x00000007aab00000, 0x00000007c0000000)
  eden space 484864K, 99% used [0x000000076ab00000,0x00000007880044c8,0x0000000788480000)
  from space 28672K, 99% used [0x00000007a8f00000,0x00000007aaae8c98,0x00000007aab00000)
  to   space 65024K, 0% used [0x00000007a2c00000,0x00000007a2c00000,0x00000007a6b80000)
 ParOldGen       total 162304K, used 118241K [0x00000006c0000000, 0x00000006c9e80000, 0x000000076ab00000)
  object space 162304K, 72% used [0x00000006c0000000,0x00000006c7378420,0x00000006c9e80000)
 Metaspace       used 24357K, capacity 24842K, committed 25088K, reserved 1071104K
  class space    used 2899K, capacity 3042K, committed 3072K, reserved 1048576K
Event: 55384.811 GC heap after
Heap after GC invocations=40 (full 3):
 PSYoungGen      total 519168K, used 55065K [0x000000076ab00000, 0x00000007a8f80000, 0x00000007c0000000)
  eden space 463872K, 0% used [0x000000076ab00000,0x000000076ab00000,0x0000000787000000)
  from space 55296K, 99% used [0x00000007a2c00000,0x00000007a61c6750,0x00000007a6200000)
  to   space 46592K, 0% used [0x00000007a6200000,0x00000007a6200000,0x00000007a8f80000)
 ParOldGen       total 162304K, used 128582K [0x00000006c0000000, 0x00000006c9e80000, 0x000000076ab00000)
  object space 162304K, 79% used [0x00000006c0000000,0x00000006c7d91b48,0x00000006c9e80000)
 Metaspace       used 24357K, capacity 24842K, committed 25088K, reserved 1071104K
  class space    used 2899K, capacity 3042K, committed 3072K, reserved 1048576K
}
Event: 55384.811 GC heap before
{Heap before GC invocations=41 (full 4):
 PSYoungGen      total 519168K, used 55065K [0x000000076ab00000, 0x00000007a8f80000, 0x00000007c0000000)
  eden space 463872K, 0% used [0x000000076ab00000,0x000000076ab00000,0x0000000787000000)
  from space 55296K, 99% used [0x00000007a2c00000,0x00000007a61c6750,0x00000007a6200000)
  to   space 46592K, 0% used [0x00000007a6200000,0x00000007a6200000,0x00000007a8f80000)
 ParOldGen       total 162304K, used 128582K [0x00000006c0000000, 0x00000006c9e80000, 0x000000076ab00000)
  object space 162304K, 79% used [0x00000006c0000000,0x00000006c7d91b48,0x00000006c9e80000)
 Metaspace       used 24357K, capacity 24842K, committed 25088K, reserved 1071104K
  class space    used 2899K, capacity 3042K, committed 3072K, reserved 1048576K
Event: 55384.944 GC heap after
Heap after GC invocations=41 (full 4):
 PSYoungGen      total 519168K, used 0K [0x000000076ab00000, 0x00000007a8f80000, 0x00000007c0000000)
  eden space 463872K, 0% used [0x000000076ab00000,0x000000076ab00000,0x0000000787000000)
  from space 55296K, 0% used [0x00000007a2c00000,0x00000007a2c00000,0x00000007a6200000)
  to   space 46592K, 0% used [0x00000007a6200000,0x00000007a6200000,0x00000007a8f80000)
 ParOldGen       total 145408K, used 37926K [0x00000006c0000000, 0x00000006c8e00000, 0x000000076ab00000)
  object space 145408K, 26% used [0x00000006c0000000,0x00000006c2509810,0x00000006c8e00000)
 Metaspace       used 24354K, capacity 24836K, committed 25088K, reserved 1071104K
  class space    used 2899K, capacity 3041K, committed 3072K, reserved 1048576K
}

